Start testing: Aug 06 12:33 CST
----------------------------------------------------------
1/1 Testing: Name
1/1 Test: Name
Command: "/home/zy/zyold/04-Projects/01-Cpp/0_CreateCppProjectFromHelloWorld/build/test/test_hello" "COMMAND" "test_hello"
Directory: /home/zy/zyold/04-Projects/01-Cpp/0_CreateCppProjectFromHelloWorld/build/test
"Name" start time: Aug 06 12:33 CST
Output:
----------------------------------------------------------
Running main() from /home/zy/zyold/04-Projects/01-Cpp/0_CreateCppProjectFromHelloWorld/thirdpart/googletest/googletest/src/gtest_main.cc
[==========] Running 4 tests from 3 test suites.
[----------] Global test environment set-up.
[----------] 1 test from Hello
[ RUN      ] Hello.Hello0
Hello [       OK ] Hello.Hello0 (0 ms)
[----------] 1 test from Hello (0 ms total)

[----------] 2 tests from IsOdd
[ RUN      ] IsOdd.IsOdd3
[       OK ] IsOdd.IsOdd3 (0 ms)
[ RUN      ] IsOdd.IsOdd8
/home/zy/zyold/04-Projects/01-Cpp/0_CreateCppProjectFromHelloWorld/test/test_hello.cpp:18: Failure
Value of: IsOdd(8)
  Actual: false
Expected: true
8 is odd!

[  FAILED  ] IsOdd.IsOdd8 (0 ms)
[----------] 2 tests from IsOdd (0 ms total)

[----------] 1 test from Sum
[ RUN      ] Sum.Sum1_2
[       OK ] Sum.Sum1_2 (0 ms)
[----------] 1 test from Sum (0 ms total)

[----------] Global test environment tear-down
[==========] 4 tests from 3 test suites ran. (0 ms total)
[  PASSED  ] 3 tests.
[  FAILED  ] 1 test, listed below:
[  FAILED  ] IsOdd.IsOdd8

 1 FAILED TEST
<end of output>
Test time =   0.00 sec
----------------------------------------------------------
Test Failed.
"Name" end time: Aug 06 12:33 CST
"Name" time elapsed: 00:00:00
----------------------------------------------------------

End testing: Aug 06 12:33 CST
